<?xml version="1.0" encoding="UTF-8"?>
<testsuite name="com.example.rqchallenge.RqChallengeApplicationTests" tests="1" skipped="0" failures="0" errors="0" timestamp="2024-02-11T11:43:29" hostname="m-v21227v6cx" time="0.383">
  <properties/>
  <testcase name="contextLoads()" classname="com.example.rqchallenge.RqChallengeApplicationTests" time="0.383"/>
  <system-out><![CDATA[17:13:25.470 [Test worker] DEBUG org.springframework.test.context.BootstrapUtils - Instantiating CacheAwareContextLoaderDelegate from class [org.springframework.test.context.cache.DefaultCacheAwareContextLoaderDelegate]
17:13:25.481 [Test worker] DEBUG org.springframework.test.context.BootstrapUtils - Instantiating BootstrapContext using constructor [public org.springframework.test.context.support.DefaultBootstrapContext(java.lang.Class,org.springframework.test.context.CacheAwareContextLoaderDelegate)]
17:13:25.528 [Test worker] DEBUG org.springframework.test.context.BootstrapUtils - Instantiating TestContextBootstrapper for test class [com.example.rqchallenge.RqChallengeApplicationTests] from class [org.springframework.boot.test.context.SpringBootTestContextBootstrapper]
17:13:25.545 [Test worker] INFO org.springframework.boot.test.context.SpringBootTestContextBootstrapper - Neither @ContextConfiguration nor @ContextHierarchy found for test class [com.example.rqchallenge.RqChallengeApplicationTests], using SpringBootContextLoader
17:13:25.549 [Test worker] DEBUG org.springframework.test.context.support.AbstractContextLoader - Did not detect default resource location for test class [com.example.rqchallenge.RqChallengeApplicationTests]: class path resource [com/example/rqchallenge/RqChallengeApplicationTests-context.xml] does not exist
17:13:25.551 [Test worker] DEBUG org.springframework.test.context.support.AbstractContextLoader - Did not detect default resource location for test class [com.example.rqchallenge.RqChallengeApplicationTests]: class path resource [com/example/rqchallenge/RqChallengeApplicationTestsContext.groovy] does not exist
17:13:25.551 [Test worker] INFO org.springframework.test.context.support.AbstractContextLoader - Could not detect default resource locations for test class [com.example.rqchallenge.RqChallengeApplicationTests]: no resource found for suffixes {-context.xml, Context.groovy}.
17:13:25.552 [Test worker] INFO org.springframework.test.context.support.AnnotationConfigContextLoaderUtils - Could not detect default configuration classes for test class [com.example.rqchallenge.RqChallengeApplicationTests]: RqChallengeApplicationTests does not declare any static, non-private, non-final, nested classes annotated with @Configuration.
17:13:25.610 [Test worker] DEBUG org.springframework.test.context.support.ActiveProfilesUtils - Could not find an 'annotation declaring class' for annotation type [org.springframework.test.context.ActiveProfiles] and class [com.example.rqchallenge.RqChallengeApplicationTests]
17:13:25.674 [Test worker] DEBUG org.springframework.context.annotation.ClassPathScanningCandidateComponentProvider - Identified candidate component class: file [/Users/w0m03v9/workspace/walmik/java-employee-challenge/build/classes/java/main/com/example/rqchallenge/RqChallengeApplication.class]
17:13:25.676 [Test worker] INFO org.springframework.boot.test.context.SpringBootTestContextBootstrapper - Found @SpringBootConfiguration com.example.rqchallenge.RqChallengeApplication for test class com.example.rqchallenge.RqChallengeApplicationTests
17:13:25.795 [Test worker] DEBUG org.springframework.boot.test.context.SpringBootTestContextBootstrapper - @TestExecutionListeners is not present for class [com.example.rqchallenge.RqChallengeApplicationTests]: using defaults.
17:13:25.797 [Test worker] INFO org.springframework.boot.test.context.SpringBootTestContextBootstrapper - Loaded default TestExecutionListener class names from location [META-INF/spring.factories]: [org.springframework.boot.test.autoconfigure.restdocs.RestDocsTestExecutionListener, org.springframework.boot.test.autoconfigure.web.client.MockRestServiceServerResetTestExecutionListener, org.springframework.boot.test.autoconfigure.web.servlet.MockMvcPrintOnlyOnFailureTestExecutionListener, org.springframework.boot.test.autoconfigure.web.servlet.WebDriverTestExecutionListener, org.springframework.boot.test.autoconfigure.webservices.client.MockWebServiceServerTestExecutionListener, org.springframework.boot.test.mock.mockito.MockitoTestExecutionListener, org.springframework.boot.test.mock.mockito.ResetMocksTestExecutionListener, org.springframework.test.context.web.ServletTestExecutionListener, org.springframework.test.context.support.DirtiesContextBeforeModesTestExecutionListener, org.springframework.test.context.event.ApplicationEventsTestExecutionListener, org.springframework.test.context.support.DependencyInjectionTestExecutionListener, org.springframework.test.context.support.DirtiesContextTestExecutionListener, org.springframework.test.context.transaction.TransactionalTestExecutionListener, org.springframework.test.context.jdbc.SqlScriptsTestExecutionListener, org.springframework.test.context.event.EventPublishingTestExecutionListener]
17:13:25.807 [Test worker] DEBUG org.springframework.boot.test.context.SpringBootTestContextBootstrapper - Skipping candidate TestExecutionListener [org.springframework.test.context.transaction.TransactionalTestExecutionListener] due to a missing dependency. Specify custom listener classes or make the default listener classes and their required dependencies available. Offending class: [org/springframework/transaction/TransactionDefinition]
17:13:25.808 [Test worker] DEBUG org.springframework.boot.test.context.SpringBootTestContextBootstrapper - Skipping candidate TestExecutionListener [org.springframework.test.context.jdbc.SqlScriptsTestExecutionListener] due to a missing dependency. Specify custom listener classes or make the default listener classes and their required dependencies available. Offending class: [org/springframework/transaction/interceptor/TransactionAttribute]
17:13:25.808 [Test worker] INFO org.springframework.boot.test.context.SpringBootTestContextBootstrapper - Using TestExecutionListeners: [org.springframework.test.context.web.ServletTestExecutionListener@120f38e6, org.springframework.test.context.support.DirtiesContextBeforeModesTestExecutionListener@7a0e1b5e, org.springframework.test.context.event.ApplicationEventsTestExecutionListener@702ed190, org.springframework.boot.test.mock.mockito.MockitoTestExecutionListener@173b9122, org.springframework.boot.test.autoconfigure.SpringBootDependencyInjectionTestExecutionListener@7c18432b, org.springframework.test.context.support.DirtiesContextTestExecutionListener@7646731d, org.springframework.test.context.event.EventPublishingTestExecutionListener@70e29e14, org.springframework.boot.test.autoconfigure.restdocs.RestDocsTestExecutionListener@3b1bb3ab, org.springframework.boot.test.autoconfigure.web.client.MockRestServiceServerResetTestExecutionListener@5a4bef8, org.springframework.boot.test.autoconfigure.web.servlet.MockMvcPrintOnlyOnFailureTestExecutionListener@40bffbca, org.springframework.boot.test.autoconfigure.web.servlet.WebDriverTestExecutionListener@2449cff7, org.springframework.boot.test.autoconfigure.webservices.client.MockWebServiceServerTestExecutionListener@42a9a63e, org.springframework.boot.test.mock.mockito.ResetMocksTestExecutionListener@62da83ed]
17:13:25.812 [Test worker] DEBUG org.springframework.test.context.support.AbstractDirtiesContextTestExecutionListener - Before test class: context [DefaultTestContext@c1fca1e testClass = RqChallengeApplicationTests, testInstance = [null], testMethod = [null], testException = [null], mergedContextConfiguration = [WebMergedContextConfiguration@241a53ef testClass = RqChallengeApplicationTests, locations = '{}', classes = '{class com.example.rqchallenge.RqChallengeApplication}', contextInitializerClasses = '[]', activeProfiles = '{}', propertySourceLocations = '{}', propertySourceProperties = '{org.springframework.boot.test.context.SpringBootTestContextBootstrapper=true}', contextCustomizers = set[org.springframework.boot.test.autoconfigure.actuate.metrics.MetricsExportContextCustomizerFactory$DisableMetricExportContextCustomizer@1d0d6318, org.springframework.boot.test.autoconfigure.properties.PropertyMappingContextCustomizer@0, org.springframework.boot.test.autoconfigure.web.servlet.WebDriverContextCustomizerFactory$Customizer@4212a0c8, org.springframework.boot.test.context.filter.ExcludeFilterContextCustomizer@476b0ae6, org.springframework.boot.test.json.DuplicateJsonObjectContextCustomizerFactory$DuplicateJsonObjectContextCustomizer@549949be, org.springframework.boot.test.mock.mockito.MockitoContextCustomizer@0, org.springframework.boot.test.web.client.TestRestTemplateContextCustomizer@4189d70b, org.springframework.boot.test.context.SpringBootTestArgs@1, org.springframework.boot.test.context.SpringBootTestWebEnvironment@49b2a47d], resourceBasePath = 'src/main/webapp', contextLoader = 'org.springframework.boot.test.context.SpringBootContextLoader', parent = [null]], attributes = map['org.springframework.test.context.web.ServletTestExecutionListener.activateListener' -> true]], class annotated with @DirtiesContext [false] with mode [null].
17:13:25.998 [Test worker] DEBUG org.springframework.boot.ApplicationServletEnvironment - Activating profiles []
17:13:26.001 [Test worker] DEBUG org.springframework.test.context.support.TestPropertySourceUtils - Adding inlined properties to environment: {spring.jmx.enabled=false, org.springframework.boot.test.context.SpringBootTestContextBootstrapper=true}

  .   ____          _            __ _ _
 /\\ / ___'_ __ _ _(_)_ __  __ _ \ \ \ \
( ( )\___ | '_ | '_| | '_ \/ _` | \ \ \ \
 \\/  ___)| |_)| | | | | || (_| |  ) ) ) )
  '  |____| .__|_| |_|_| |_\__, | / / / /
 =========|_|==============|___/=/_/_/_/
 :: Spring Boot ::                (v2.6.1)

2024-02-11 17:13:26.453  INFO 36931 --- [    Test worker] c.e.r.RqChallengeApplicationTests        : Starting RqChallengeApplicationTests using Java 11.0.14.1.101 on m-v21227v6cx with PID 36931 (started by w0m03v9 in /Users/w0m03v9/workspace/walmik/java-employee-challenge)
2024-02-11 17:13:26.455  INFO 36931 --- [    Test worker] c.e.r.RqChallengeApplicationTests        : No active profile set, falling back to default profiles: default
2024-02-11 17:13:29.039  INFO 36931 --- [    Test worker] c.e.r.RqChallengeApplicationTests        : Started RqChallengeApplicationTests in 3.035 seconds (JVM running for 4.87)
]]></system-out>
  <system-err><![CDATA[]]></system-err>
</testsuite>
